<soap:Envelope xmlns:soap="http://www.w3.org/2003/05/soap-envelope" xmlns:xsi="http://www.w3.org/2001/XMLSchema-instance" xmlns:xsd="http://www.w3.org/2001/XMLSchema">
   <soap:Body>
      <ConvertTempResponse xmlns="http://www.webserviceX.NET/">
         <ConvertTempResult>373.15</ConvertTempResult>
      </ConvertTempResponse>
   </soap:Body>
</soap:Envelope>
